
--- 2025-12-24T09:08:13.986Z debug
🪵  Writing logs to "/Users/iguchiyuuta/Dev/ledian_clinic/.wrangler/.wrangler/logs/wrangler-2025-12-24_09-08-13_921.log"
---

--- 2025-12-24T09:08:13.986Z debug
Metrics dispatcher: Posting data {"deviceId":"feeee171-b95e-46da-8ba6-d1d9f814192f","event":"wrangler command started","timestamp":1766567293986,"properties":{"amplitude_session_id":1766567293986,"amplitude_event_id":0,"wranglerVersion":"4.51.0","osPlatform":"Mac OS","osVersion":"Darwin Kernel Version 25.2.0: Tue Nov 18 21:09:56 PST 2025; root:xnu-12377.61.12~1/RELEASE_ARM64_T6041","nodeVersion":20,"isFirstUsage":false,"configFileType":"toml","isCI":false,"isPagesCI":false,"isWorkersCI":false,"isInteractive":false,"hasAssets":false,"argsUsed":["command","local"],"argsCombination":"command, local","command":"wrangler d1 execute","args":{}}}
---

--- 2025-12-24T09:08:13.990Z debug
.env file not found at "/Users/iguchiyuuta/Dev/ledian_clinic/apps/internal-site/.env". Continuing... For more details, refer to https://developers.cloudflare.com/workers/wrangler/system-environment-variables/
---

--- 2025-12-24T09:08:13.990Z debug
.env file not found at "/Users/iguchiyuuta/Dev/ledian_clinic/apps/internal-site/.env.local". Continuing... For more details, refer to https://developers.cloudflare.com/workers/wrangler/system-environment-variables/
---

--- 2025-12-24T09:08:14.008Z log

 ⛅️ wrangler 4.51.0 (update available 4.56.0)
─────────────────────────────────────────────
---

--- 2025-12-24T09:08:14.008Z log
Resource location: local 

---

--- 2025-12-24T09:08:14.008Z log
Use --remote if you want to access the remote instance.

---

--- 2025-12-24T09:08:14.013Z log
🌀 Executing on local database ledian-internal-prod (bcf4e5f4-1528-4b8b-b30b-47bd9b99d6b3) from .wrangler/state/v3/d1:
---

--- 2025-12-24T09:08:14.013Z log
🌀 To execute on your remote database, add a --remote flag to your wrangler command.
---

--- 2025-12-24T09:08:14.122Z log
🚣 1 command executed successfully.
---

--- 2025-12-24T09:08:14.122Z log
[
  {
    "results": [
      {
        "cid": 0,
        "name": "id",
        "type": "TEXT",
        "notnull": 0,
        "dflt_value": "null",
        "pk": 1
      },
      {
        "cid": 1,
        "name": "subcategory_id",
        "type": "TEXT",
        "notnull": 1,
        "dflt_value": "null",
        "pk": 0
      },
      {
        "cid": 2,
        "name": "plan_name",
        "type": "VARCHAR(100)",
        "notnull": 1,
        "dflt_value": "null",
        "pk": 0
      },
      {
        "cid": 3,
        "name": "plan_type",
        "type": "TEXT",
        "notnull": 1,
        "dflt_value": "'single'",
        "pk": 0
      },
      {
        "cid": 4,
        "name": "sessions",
        "type": "INTEGER",
        "notnull": 0,
        "dflt_value": "null",
        "pk": 0
      },
      {
        "cid": 5,
        "name": "quantity",
        "type": "VARCHAR(50)",
        "notnull": 0,
        "dflt_value": "null",
        "pk": 0
      },
      {
        "cid": 6,
        "name": "price",
        "type": "INTEGER",
        "notnull": 1,
        "dflt_value": "null",
        "pk": 0
      },
      {
        "cid": 7,
        "name": "price_taxed",
        "type": "INTEGER",
        "notnull": 1,
        "dflt_value": "null",
        "pk": 0
      },
      {
        "cid": 8,
        "name": "price_per_session",
        "type": "INTEGER",
        "notnull": 0,
        "dflt_value": "null",
        "pk": 0
      },
      {
        "cid": 9,
        "name": "price_per_session_taxed",
        "type": "INTEGER",
        "notnull": 0,
        "dflt_value": "null",
        "pk": 0
      },
      {
        "cid": 10,
        "name": "campaign_price",
        "type": "INTEGER",
        "notnull": 0,
        "dflt_value": "null",
        "pk": 0
      },
      {
        "cid": 11,
        "name": "campaign_price_taxed",
        "type": "INTEGER",
        "notnull": 0,
        "dflt_value": "null",
        "pk": 0
      },
      {
        "cid": 12,
        "name": "cost_rate",
        "type": "REAL",
        "notnull": 0,
        "dflt_value": "null",
        "pk": 0
      },
      {
        "cid": 13,
        "name": "campaign_cost_rate",
        "type": "REAL",
        "notnull": 0,
        "dflt_value": "null",
        "pk": 0
      },
      {
        "cid": 14,
        "name": "supply_cost",
        "type": "INTEGER",
        "notnull": 0,
        "dflt_value": "null",
        "pk": 0
      },
      {
        "cid": 15,
        "name": "staff_cost",
        "type": "INTEGER",
        "notnull": 0,
        "dflt_value": "null",
        "pk": 0
      },
      {
        "cid": 16,
        "name": "total_cost",
        "type": "INTEGER",
        "notnull": 0,
        "dflt_value": "null",
        "pk": 0
      },
      {
        "cid": 17,
        "name": "old_price",
        "type": "INTEGER",
        "notnull": 0,
        "dflt_value": "null",
        "pk": 0
      },
      {
        "cid": 18,
        "name": "staff_discount_rate",
        "type": "INTEGER",
        "notnull": 0,
        "dflt_value": "null",
        "pk": 0
      },
      {
        "cid": 19,
        "name": "notes",
        "type": "TEXT",
        "notnull": 0,
        "dflt_value": "null",
        "pk": 0
      },
      {
        "cid": 20,
        "name": "sort_order",
        "type": "INTEGER",
        "notnull": 1,
        "dflt_value": "0",
        "pk": 0
      },
      {
        "cid": 21,
        "name": "is_active",
        "type": "INTEGER",
        "notnull": 1,
        "dflt_value": "1",
        "pk": 0
      },
      {
        "cid": 22,
        "name": "created_at",
        "type": "DATETIME",
        "notnull": 1,
        "dflt_value": "datetime('now')",
        "pk": 0
      },
      {
        "cid": 23,
        "name": "updated_at",
        "type": "DATETIME",
        "notnull": 1,
        "dflt_value": "datetime('now')",
        "pk": 0
      }
    ],
    "success": true,
    "meta": {
      "duration": 0
    }
  }
]
---

--- 2025-12-24T09:08:14.122Z debug
Metrics dispatcher: Posting data {"deviceId":"feeee171-b95e-46da-8ba6-d1d9f814192f","event":"wrangler command completed","timestamp":1766567294122,"properties":{"amplitude_session_id":1766567293986,"amplitude_event_id":1,"wranglerVersion":"4.51.0","osPlatform":"Mac OS","osVersion":"Darwin Kernel Version 25.2.0: Tue Nov 18 21:09:56 PST 2025; root:xnu-12377.61.12~1/RELEASE_ARM64_T6041","nodeVersion":20,"isFirstUsage":false,"configFileType":"toml","isCI":false,"isPagesCI":false,"isWorkersCI":false,"isInteractive":false,"hasAssets":false,"argsUsed":["command","local"],"argsCombination":"command, local","command":"wrangler d1 execute","args":{},"durationMs":148,"durationSeconds":0.148,"durationMinutes":0.0024666666666666665}}
---
