
--- 2025-12-24T09:12:37.055Z debug
🪵  Writing logs to "/Users/iguchiyuuta/Dev/ledian_clinic/.wrangler/.wrangler/logs/wrangler-2025-12-24_09-12-36_984.log"
---

--- 2025-12-24T09:12:37.055Z debug
Metrics dispatcher: Posting data {"deviceId":"feeee171-b95e-46da-8ba6-d1d9f814192f","event":"wrangler command started","timestamp":1766567557055,"properties":{"amplitude_session_id":1766567557054,"amplitude_event_id":0,"wranglerVersion":"4.51.0","osPlatform":"Mac OS","osVersion":"Darwin Kernel Version 25.2.0: Tue Nov 18 21:09:56 PST 2025; root:xnu-12377.61.12~1/RELEASE_ARM64_T6041","nodeVersion":20,"isFirstUsage":false,"configFileType":"toml","isCI":false,"isPagesCI":false,"isWorkersCI":false,"isInteractive":false,"hasAssets":false,"argsUsed":["command","local"],"argsCombination":"command, local","command":"wrangler d1 execute","args":{}}}
---

--- 2025-12-24T09:12:37.059Z debug
.env file not found at "/Users/iguchiyuuta/Dev/ledian_clinic/apps/internal-site/.env". Continuing... For more details, refer to https://developers.cloudflare.com/workers/wrangler/system-environment-variables/
---

--- 2025-12-24T09:12:37.059Z debug
.env file not found at "/Users/iguchiyuuta/Dev/ledian_clinic/apps/internal-site/.env.local". Continuing... For more details, refer to https://developers.cloudflare.com/workers/wrangler/system-environment-variables/
---

--- 2025-12-24T09:12:37.078Z log

 ⛅️ wrangler 4.51.0 (update available 4.56.0)
─────────────────────────────────────────────
---

--- 2025-12-24T09:12:37.078Z log
Resource location: local 

---

--- 2025-12-24T09:12:37.078Z log
Use --remote if you want to access the remote instance.

---

--- 2025-12-24T09:12:37.083Z log
🌀 Executing on local database ledian-internal-prod (bcf4e5f4-1528-4b8b-b30b-47bd9b99d6b3) from .wrangler/state/v3/d1:
---

--- 2025-12-24T09:12:37.083Z log
🌀 To execute on your remote database, add a --remote flag to your wrangler command.
---

--- 2025-12-24T09:12:37.197Z log
🚣 1 command executed successfully.
---

--- 2025-12-24T09:12:37.197Z log
[
  {
    "results": [
      {
        "cid": 0,
        "name": "id",
        "type": "TEXT",
        "notnull": 0,
        "dflt_value": "lower(hex(randomblob(16)))",
        "pk": 1
      },
      {
        "cid": 1,
        "name": "subcategory_id",
        "type": "TEXT",
        "notnull": 1,
        "dflt_value": "null",
        "pk": 0
      },
      {
        "cid": 2,
        "name": "tagline",
        "type": "VARCHAR(100)",
        "notnull": 0,
        "dflt_value": "null",
        "pk": 0
      },
      {
        "cid": 3,
        "name": "tagline_en",
        "type": "VARCHAR(100)",
        "notnull": 0,
        "dflt_value": "null",
        "pk": 0
      },
      {
        "cid": 4,
        "name": "summary",
        "type": "TEXT",
        "notnull": 0,
        "dflt_value": "null",
        "pk": 0
      },
      {
        "cid": 5,
        "name": "description",
        "type": "TEXT",
        "notnull": 0,
        "dflt_value": "null",
        "pk": 0
      },
      {
        "cid": 6,
        "name": "duration_min",
        "type": "INTEGER",
        "notnull": 0,
        "dflt_value": "null",
        "pk": 0
      },
      {
        "cid": 7,
        "name": "duration_max",
        "type": "INTEGER",
        "notnull": 0,
        "dflt_value": "null",
        "pk": 0
      },
      {
        "cid": 8,
        "name": "duration_text",
        "type": "VARCHAR(50)",
        "notnull": 0,
        "dflt_value": "null",
        "pk": 0
      },
      {
        "cid": 9,
        "name": "downtime_days",
        "type": "INTEGER",
        "notnull": 0,
        "dflt_value": "0",
        "pk": 0
      },
      {
        "cid": 10,
        "name": "downtime_text",
        "type": "VARCHAR(50)",
        "notnull": 0,
        "dflt_value": "null",
        "pk": 0
      },
      {
        "cid": 11,
        "name": "pain_level",
        "type": "INTEGER",
        "notnull": 0,
        "dflt_value": "null",
        "pk": 0
      },
      {
        "cid": 12,
        "name": "effect_duration_months",
        "type": "INTEGER",
        "notnull": 0,
        "dflt_value": "null",
        "pk": 0
      },
      {
        "cid": 13,
        "name": "effect_duration_text",
        "type": "VARCHAR(50)",
        "notnull": 0,
        "dflt_value": "null",
        "pk": 0
      },
      {
        "cid": 14,
        "name": "recommended_sessions",
        "type": "INTEGER",
        "notnull": 0,
        "dflt_value": "null",
        "pk": 0
      },
      {
        "cid": 15,
        "name": "session_interval_weeks",
        "type": "INTEGER",
        "notnull": 0,
        "dflt_value": "null",
        "pk": 0
      },
      {
        "cid": 16,
        "name": "session_interval_text",
        "type": "VARCHAR(50)",
        "notnull": 0,
        "dflt_value": "null",
        "pk": 0
      },
      {
        "cid": 17,
        "name": "popularity_rank",
        "type": "INTEGER",
        "notnull": 0,
        "dflt_value": "null",
        "pk": 0
      },
      {
        "cid": 18,
        "name": "is_featured",
        "type": "INTEGER",
        "notnull": 0,
        "dflt_value": "0",
        "pk": 0
      },
      {
        "cid": 19,
        "name": "is_new",
        "type": "INTEGER",
        "notnull": 0,
        "dflt_value": "0",
        "pk": 0
      },
      {
        "cid": 20,
        "name": "hero_image_url",
        "type": "VARCHAR(500)",
        "notnull": 0,
        "dflt_value": "null",
        "pk": 0
      },
      {
        "cid": 21,
        "name": "thumbnail_url",
        "type": "VARCHAR(500)",
        "notnull": 0,
        "dflt_value": "null",
        "pk": 0
      },
      {
        "cid": 22,
        "name": "video_url",
        "type": "VARCHAR(500)",
        "notnull": 0,
        "dflt_value": "null",
        "pk": 0
      },
      {
        "cid": 23,
        "name": "meta_title",
        "type": "VARCHAR(100)",
        "notnull": 0,
        "dflt_value": "null",
        "pk": 0
      },
      {
        "cid": 24,
        "name": "meta_description",
        "type": "VARCHAR(200)",
        "notnull": 0,
        "dflt_value": "null",
        "pk": 0
      },
      {
        "cid": 25,
        "name": "created_at",
        "type": "DATETIME",
        "notnull": 1,
        "dflt_value": "datetime('now')",
        "pk": 0
      },
      {
        "cid": 26,
        "name": "updated_at",
        "type": "DATETIME",
        "notnull": 1,
        "dflt_value": "datetime('now')",
        "pk": 0
      }
    ],
    "success": true,
    "meta": {
      "duration": 1
    }
  }
]
---

--- 2025-12-24T09:12:37.197Z debug
Metrics dispatcher: Posting data {"deviceId":"feeee171-b95e-46da-8ba6-d1d9f814192f","event":"wrangler command completed","timestamp":1766567557197,"properties":{"amplitude_session_id":1766567557054,"amplitude_event_id":1,"wranglerVersion":"4.51.0","osPlatform":"Mac OS","osVersion":"Darwin Kernel Version 25.2.0: Tue Nov 18 21:09:56 PST 2025; root:xnu-12377.61.12~1/RELEASE_ARM64_T6041","nodeVersion":20,"isFirstUsage":false,"configFileType":"toml","isCI":false,"isPagesCI":false,"isWorkersCI":false,"isInteractive":false,"hasAssets":false,"argsUsed":["command","local"],"argsCombination":"command, local","command":"wrangler d1 execute","args":{},"durationMs":155,"durationSeconds":0.155,"durationMinutes":0.0025833333333333333}}
---
